Arguments: 
  C:\Users\xiaobo\scoop\apps\nodejs-lts\current\node.exe C:\Users\xiaobo\scoop\apps\yarn\current\bin\yarn.js init

PATH: 
  C:\Program Files (x86)\VMware\VMware Workstation\bin\;C:\WINDOWS\system32;C:\WINDOWS;C:\WINDOWS\System32\Wbem;C:\WINDOWS\System32\WindowsPowerShell\v1.0\;C:\WINDOWS\System32\OpenSSH\;C:\Program Files\dotnet\;C:\Users\xiaobo\scoop\apps\openjdk\current\bin;C:\Users\xiaobo\scoop\apps\nodejs-lts\current\bin;C:\Users\xiaobo\scoop\apps\nodejs-lts\current;C:\Users\xiaobo\scoop\apps\python\current\Scripts;C:\Users\xiaobo\scoop\apps\python\current;C:\Users\xiaobo\scoop\apps\yarn\current\global\node_modules\.bin;C:\Users\xiaobo\scoop\apps\yarn\current\bin;C:\Users\xiaobo\scoop\shims;C:\Users\xiaobo\AppData\Local\Microsoft\WindowsApps;C:\Users\xiaobo\blog\node_modules\.bin;C:\Users\xiaobo\Desktop\TS\node_modules\.bin;C:\Users\xiaobo\AppData\Local\Microsoft\WindowsApps;C:\Users\xiaobo\AppData\Local\JetBrains\Toolbox\scripts;C:\Users\xiaobo\AppData\Local\Programs\Microsoft VS Code\bin

Yarn version: 
  1.22.19

Node version: 
  18.13.0

Platform: 
  win32 x64

Trace: 
  Error: canceled
      at Interface.<anonymous> (C:\Users\xiaobo\scoop\apps\yarn\1.22.19\lib\cli.js:137150:13)
      at Interface.emit (node:events:513:28)
      at [_ttyWrite] [as _ttyWrite] (node:internal/readline/interface:1130:18)
      at ReadStream.onkeypress (node:internal/readline/interface:270:20)
      at ReadStream.emit (node:events:513:28)
      at emitKeys (node:internal/readline/utils:357:14)
      at emitKeys.next (<anonymous>)
      at ReadStream.onData (node:internal/readline/emitKeypressEvents:64:36)
      at ReadStream.emit (node:events:513:28)
      at addChunk (node:internal/streams/readable:324:12)

npm manifest: 
  No manifest

yarn manifest: 
  No manifest

Lockfile: 
  No lockfile
